2024-12-18 11:44:18,783 - INFO - Website opened successfully.
2024-12-18 11:44:19,198 - INFO - Creating a new HTTP session
2024-12-18 11:44:19,198 - INFO - Creating Session using : alias=rpasession_alias.httpsrobotsparebinindustries.com, url=https://robotsparebinindustries.com, headers={},                     cookies={}, auth=None, timeout=None, proxies=None, verify=True,                     debug=0 
2024-12-18 11:44:19,391 - INFO - Excel file downloaded successfully.
2024-12-18 11:44:19,440 - INFO - Opened workbook: <RPA.Excel.Files.XlsxWorkbook object at 0x0000023FCEC1F2B0>
2024-12-18 11:44:19,443 - INFO - Created table: Table(columns=['First Name', 'Last Name', 'Sales', 'Sales Target'], rows=50)
2024-12-18 11:44:19,444 - INFO - Closing workbook: <RPA.Excel.Files.XlsxWorkbook object at 0x0000023FCEC1F2B0>
2024-12-18 11:44:19,444 - INFO - Excel file read successfully.
2024-12-18 11:44:21,472 - INFO - Form submitted for David Heazel
2024-12-18 11:44:22,169 - INFO - Form submitted for Conte Mascetti
2024-12-18 11:44:22,858 - INFO - Form submitted for Dallon Seals
2024-12-18 11:44:23,554 - INFO - Form submitted for Jocelyn Thomsson
2024-12-18 11:44:24,253 - INFO - Form submitted for Yoko Flecknell
2024-12-18 11:44:24,951 - INFO - Form submitted for Ninnette Heinssen
2024-12-18 11:44:25,651 - INFO - Form submitted for Ahmed Vasnetsov
2024-12-18 11:44:26,334 - INFO - Form submitted for Pearline Fenton
2024-12-18 11:44:27,036 - INFO - Form submitted for Lelah Yewdale
2024-12-18 11:44:27,735 - INFO - Form submitted for Belinda Blumenthal
2024-12-18 11:44:28,420 - INFO - Form submitted for Antoni Degoe
2024-12-18 11:44:29,120 - INFO - Form submitted for Donnamarie Watts
2024-12-18 11:44:29,821 - INFO - Form submitted for Anabella Blindermann
2024-12-18 11:44:30,520 - INFO - Form submitted for Fred Mengoni
2024-12-18 11:44:31,223 - INFO - Form submitted for Nathanil Bragg
2024-12-18 11:44:31,920 - INFO - Form submitted for Casar Kubek
2024-12-18 11:44:32,636 - INFO - Form submitted for Myrtle Puddle
2024-12-18 11:44:33,303 - INFO - Form submitted for Devi Oag
2024-12-18 11:44:34,016 - INFO - Form submitted for Emyle O'Driscole
2024-12-18 11:44:34,685 - INFO - Form submitted for Mickie Linbohm
2024-12-18 11:44:35,388 - INFO - Form submitted for Isaac Asimov
2024-12-18 11:44:36,089 - INFO - Form submitted for Florence Mundow
2024-12-18 11:44:36,788 - INFO - Form submitted for Mahalia Goodee
2024-12-18 11:44:37,488 - INFO - Form submitted for Christy Iwaszkiewicz
2024-12-18 11:44:38,197 - INFO - Form submitted for Madelyn Sire
2024-12-18 11:44:38,897 - INFO - Form submitted for Thurstan Karus
2024-12-18 11:44:39,597 - INFO - Form submitted for Bibi Rosita
2024-12-18 11:44:40,287 - INFO - Form submitted for Abbe Aldcorn
2024-12-18 11:44:40,961 - INFO - Form submitted for Ariadne Kiessel
2024-12-18 11:44:41,659 - INFO - Form submitted for Tiffany Emerine
2024-12-18 11:44:42,358 - INFO - Form submitted for Jelene Pridden
2024-12-18 11:44:43,058 - INFO - Form submitted for Claus Bawcock
2024-12-18 11:44:43,756 - INFO - Form submitted for Ameline Olivello
2024-12-18 11:44:44,453 - INFO - Form submitted for Alikee Kohtler
2024-12-18 11:44:45,154 - INFO - Form submitted for Cathleen Tinklin
2024-12-18 11:44:45,848 - INFO - Form submitted for Flossie Gurr
2024-12-18 11:44:46,643 - INFO - Form submitted for Milena Gudeman
2024-12-18 11:44:47,342 - INFO - Form submitted for Bliss Burgess
2024-12-18 11:44:48,045 - INFO - Form submitted for Donia Messenbird
2024-12-18 11:44:48,741 - INFO - Form submitted for Jemie Tunnacliffe
2024-12-18 11:44:49,459 - INFO - Form submitted for Gaylord Uebel
2024-12-18 11:44:50,139 - INFO - Form submitted for Rufus Bewlie
2024-12-18 11:44:50,869 - INFO - Form submitted for Jenine Kidby
2024-12-18 11:44:51,630 - INFO - Form submitted for Hortensia Leal
2024-12-18 11:44:52,350 - INFO - Form submitted for Regina Gurling
2024-12-18 11:44:53,523 - INFO - Form submitted for Valenka Tantrum
2024-12-18 11:44:54,225 - INFO - Form submitted for Dorie Batistelli
2024-12-18 11:44:54,912 - INFO - Form submitted for Abra Heap
2024-12-18 11:44:55,622 - INFO - Form submitted for Petronille Lesor
2024-12-18 11:44:56,354 - INFO - Form submitted for Vincenty Stannering
2024-12-18 11:44:56,488 - INFO - Screenshot saved successfully.
2024-12-18 11:44:56,516 - INFO - Writing output to file C:\Users\omar_\University\SQ_24\Maria_Robot\output\sales_results.pdf
2024-12-18 11:44:57,150 - INFO - maxp pruned
2024-12-18 11:44:57,150 - INFO - cmap pruned
2024-12-18 11:44:57,179 - INFO - post pruned
2024-12-18 11:44:57,198 - INFO - GDEF dropped
2024-12-18 11:44:57,199 - INFO - GPOS dropped
2024-12-18 11:44:57,199 - INFO - GSUB dropped
2024-12-18 11:44:57,206 - INFO - glyf pruned
2024-12-18 11:44:57,207 - INFO - Added gid0 to subset
2024-12-18 11:44:57,207 - INFO - Added first four glyphs to subset
2024-12-18 11:44:57,207 - INFO - Closing glyph list over 'glyf': 66 glyphs before
2024-12-18 11:44:57,207 - INFO - Glyph names: ['.notdef', '.null', 'uni0020', 'uni0024', 'uni0027', 'uni002C', 'uni002D', 'uni0030', 'uni0031', 'uni0032', 'uni0033', 'uni0034', 'uni0035', 'uni0036', 'uni0037', 'uni0038', 'uni0039', 'uni0041', 'uni0042', 'uni0043', 'uni0044', 'uni0045', 'uni0046', 'uni0047', 'uni0048', 'uni0049', 'uni004A', 'uni004B', 'uni004C', 'uni004D', 'uni004E', 'uni004F', 'uni0050', 'uni0052', 'uni0053', 'uni0054', 'uni0055', 'uni0056', 'uni0057', 'uni0059', 'uni0061', 'uni0062', 'uni0063', 'uni0064', 'uni0065', 'uni0066', 'uni0067', 'uni0068', 'uni0069', 'uni006B', 'uni006C', 'uni006D', 'uni006E', 'uni006F', 'uni0070', 'uni0072', 'uni0073', 'uni0074', 'uni0075', 'uni0076', 'uni0077', 'uni0079', 'uni007A', 'uni007B', 'uni007D', 'uni00C4']
2024-12-18 11:44:57,208 - INFO - Glyph IDs:   [0, 1, 2, 3, 65, 73, 84, 95, 137, 141, 161, 197, 265, 270, 280, 291, 299, 320, 374, 382, 395, 409, 421, 453, 456, 469, 504, 575, 582, 594, 612, 645, 650, 660, 679, 715, 723, 752, 759, 775, 827, 837, 867, 884, 899, 932, 936, 950, 973, 1262, 1294, 1295, 1296, 1298, 1299, 1300, 1302, 1303, 1304, 1305, 1345, 1346, 1361, 1388, 1403, 1681]
2024-12-18 11:44:57,208 - INFO - Closed glyph list over 'glyf': 66 glyphs after
2024-12-18 11:44:57,208 - INFO - Glyph names: ['.notdef', '.null', 'uni0020', 'uni0024', 'uni0027', 'uni002C', 'uni002D', 'uni0030', 'uni0031', 'uni0032', 'uni0033', 'uni0034', 'uni0035', 'uni0036', 'uni0037', 'uni0038', 'uni0039', 'uni0041', 'uni0042', 'uni0043', 'uni0044', 'uni0045', 'uni0046', 'uni0047', 'uni0048', 'uni0049', 'uni004A', 'uni004B', 'uni004C', 'uni004D', 'uni004E', 'uni004F', 'uni0050', 'uni0052', 'uni0053', 'uni0054', 'uni0055', 'uni0056', 'uni0057', 'uni0059', 'uni0061', 'uni0062', 'uni0063', 'uni0064', 'uni0065', 'uni0066', 'uni0067', 'uni0068', 'uni0069', 'uni006B', 'uni006C', 'uni006D', 'uni006E', 'uni006F', 'uni0070', 'uni0072', 'uni0073', 'uni0074', 'uni0075', 'uni0076', 'uni0077', 'uni0079', 'uni007A', 'uni007B', 'uni007D', 'uni00C4']
2024-12-18 11:44:57,210 - INFO - Glyph IDs:   [0, 1, 2, 3, 65, 73, 84, 95, 137, 141, 161, 197, 265, 270, 280, 291, 299, 320, 374, 382, 395, 409, 421, 453, 456, 469, 504, 575, 582, 594, 612, 645, 650, 660, 679, 715, 723, 752, 759, 775, 827, 837, 867, 884, 899, 932, 936, 950, 973, 1262, 1294, 1295, 1296, 1298, 1299, 1300, 1302, 1303, 1304, 1305, 1345, 1346, 1361, 1388, 1403, 1681]
2024-12-18 11:44:57,210 - INFO - Retaining 66 glyphs
2024-12-18 11:44:57,211 - INFO - head subsetting not needed
2024-12-18 11:44:57,211 - INFO - hhea subsetting not needed
2024-12-18 11:44:57,211 - INFO - maxp subsetting not needed
2024-12-18 11:44:57,211 - INFO - OS/2 subsetting not needed
2024-12-18 11:44:57,211 - INFO - hmtx subsetted
2024-12-18 11:44:57,213 - INFO - cmap subsetted
2024-12-18 11:44:57,213 - INFO - prep subsetting not needed
2024-12-18 11:44:57,213 - INFO - loca subsetting not needed
2024-12-18 11:44:57,213 - INFO - post subsetted
2024-12-18 11:44:57,213 - INFO - gasp subsetting not needed
2024-12-18 11:44:57,213 - INFO - STAT subsetting not needed
2024-12-18 11:44:57,213 - INFO - name subsetting not needed
2024-12-18 11:44:57,214 - INFO - glyf subsetted
2024-12-18 11:44:57,215 - INFO - head pruned
2024-12-18 11:44:57,215 - INFO - OS/2 Unicode ranges pruned: [0]
2024-12-18 11:44:57,216 - INFO - OS/2 CodePage ranges pruned: [0]
2024-12-18 11:44:57,217 - INFO - glyf pruned
2024-12-18 11:44:57,218 - INFO - name pruned
2024-12-18 11:44:57,246 - INFO - maxp pruned
2024-12-18 11:44:57,247 - INFO - cmap pruned
2024-12-18 11:44:57,247 - INFO - post pruned
2024-12-18 11:44:57,247 - INFO - GDEF dropped
2024-12-18 11:44:57,247 - INFO - GPOS dropped
2024-12-18 11:44:57,247 - INFO - GSUB dropped
2024-12-18 11:44:57,254 - INFO - glyf pruned
2024-12-18 11:44:57,255 - INFO - Added gid0 to subset
2024-12-18 11:44:57,255 - INFO - Added first four glyphs to subset
2024-12-18 11:44:57,255 - INFO - Closing glyph list over 'glyf': 35 glyphs before
2024-12-18 11:44:57,255 - INFO - Glyph names: ['.notdef', '.null', 'uni0020', 'uni0030', 'uni0031', 'uni0032', 'uni0033', 'uni0034', 'uni0035', 'uni0036', 'uni0037', 'uni0038', 'uni0039', 'uni0041', 'uni0044', 'uni004E', 'uni0052', 'uni0054', 'uni0061', 'uni0062', 'uni0063', 'uni0065', 'uni0066', 'uni0067', 'uni0069', 'uni006C', 'uni006D', 'uni006E', 'uni0072', 'uni0073', 'uni0074', 'uni0075', 'uni007B', 'uni007D', 'uni00C4']
2024-12-18 11:44:57,256 - INFO - Glyph IDs:   [0, 1, 2, 3, 84, 299, 382, 409, 504, 575, 582, 612, 645, 650, 679, 723, 752, 759, 837, 867, 884, 899, 1294, 1295, 1296, 1298, 1299, 1300, 1302, 1303, 1304, 1305, 1345, 1346, 1681]
2024-12-18 11:44:57,256 - INFO - Closed glyph list over 'glyf': 35 glyphs after
2024-12-18 11:44:57,256 - INFO - Glyph names: ['.notdef', '.null', 'uni0020', 'uni0030', 'uni0031', 'uni0032', 'uni0033', 'uni0034', 'uni0035', 'uni0036', 'uni0037', 'uni0038', 'uni0039', 'uni0041', 'uni0044', 'uni004E', 'uni0052', 'uni0054', 'uni0061', 'uni0062', 'uni0063', 'uni0065', 'uni0066', 'uni0067', 'uni0069', 'uni006C', 'uni006D', 'uni006E', 'uni0072', 'uni0073', 'uni0074', 'uni0075', 'uni007B', 'uni007D', 'uni00C4']
2024-12-18 11:44:57,257 - INFO - Glyph IDs:   [0, 1, 2, 3, 84, 299, 382, 409, 504, 575, 582, 612, 645, 650, 679, 723, 752, 759, 837, 867, 884, 899, 1294, 1295, 1296, 1298, 1299, 1300, 1302, 1303, 1304, 1305, 1345, 1346, 1681]
2024-12-18 11:44:57,257 - INFO - Retaining 35 glyphs
2024-12-18 11:44:57,257 - INFO - head subsetting not needed
2024-12-18 11:44:57,258 - INFO - hhea subsetting not needed
2024-12-18 11:44:57,258 - INFO - maxp subsetting not needed
2024-12-18 11:44:57,258 - INFO - OS/2 subsetting not needed
2024-12-18 11:44:57,258 - INFO - hmtx subsetted
2024-12-18 11:44:57,260 - INFO - cmap subsetted
2024-12-18 11:44:57,260 - INFO - prep subsetting not needed
2024-12-18 11:44:57,260 - INFO - loca subsetting not needed
2024-12-18 11:44:57,260 - INFO - post subsetted
2024-12-18 11:44:57,261 - INFO - gasp subsetting not needed
2024-12-18 11:44:57,261 - INFO - STAT subsetting not needed
2024-12-18 11:44:57,261 - INFO - name subsetting not needed
2024-12-18 11:44:57,262 - INFO - glyf subsetted
2024-12-18 11:44:57,262 - INFO - head pruned
2024-12-18 11:44:57,263 - INFO - OS/2 Unicode ranges pruned: [0]
2024-12-18 11:44:57,263 - INFO - OS/2 CodePage ranges pruned: [0]
2024-12-18 11:44:57,263 - INFO - glyf pruned
2024-12-18 11:44:57,266 - INFO - name pruned
2024-12-18 11:44:57,286 - INFO - maxp pruned
2024-12-18 11:44:57,286 - INFO - cmap pruned
2024-12-18 11:44:57,286 - INFO - post pruned
2024-12-18 11:44:57,287 - INFO - GDEF dropped
2024-12-18 11:44:57,287 - INFO - GPOS dropped
2024-12-18 11:44:57,287 - INFO - GSUB dropped
2024-12-18 11:44:57,294 - INFO - glyf pruned
2024-12-18 11:44:57,297 - INFO - Added gid0 to subset
2024-12-18 11:44:57,297 - INFO - Added first four glyphs to subset
2024-12-18 11:44:57,297 - INFO - Closing glyph list over 'glyf': 18 glyphs before
2024-12-18 11:44:57,297 - INFO - Glyph names: ['.notdef', '.null', 'uni0020', 'uni0030', 'uni0031', 'uni0032', 'uni0033', 'uni0034', 'uni0035', 'uni0036', 'uni0037', 'uni0038', 'uni0039', 'uni0062', 'uni006E', 'uni007B', 'uni007D', 'uni00A0']
2024-12-18 11:44:57,298 - INFO - Glyph IDs:   [0, 1, 2, 3, 544, 727, 1256, 1257, 1258, 1260, 1261, 1262, 1264, 1265, 1266, 1267, 1307, 1308]
2024-12-18 11:44:57,298 - INFO - Closed glyph list over 'glyf': 18 glyphs after
2024-12-18 11:44:57,298 - INFO - Glyph names: ['.notdef', '.null', 'uni0020', 'uni0030', 'uni0031', 'uni0032', 'uni0033', 'uni0034', 'uni0035', 'uni0036', 'uni0037', 'uni0038', 'uni0039', 'uni0062', 'uni006E', 'uni007B', 'uni007D', 'uni00A0']
2024-12-18 11:44:57,298 - INFO - Glyph IDs:   [0, 1, 2, 3, 544, 727, 1256, 1257, 1258, 1260, 1261, 1262, 1264, 1265, 1266, 1267, 1307, 1308]
2024-12-18 11:44:57,298 - INFO - Retaining 18 glyphs
2024-12-18 11:44:57,299 - INFO - head subsetting not needed
2024-12-18 11:44:57,299 - INFO - hhea subsetting not needed
2024-12-18 11:44:57,299 - INFO - maxp subsetting not needed
2024-12-18 11:44:57,299 - INFO - OS/2 subsetting not needed
2024-12-18 11:44:57,299 - INFO - hmtx subsetted
2024-12-18 11:44:57,300 - INFO - cmap subsetted
2024-12-18 11:44:57,300 - INFO - loca subsetting not needed
2024-12-18 11:44:57,300 - INFO - post subsetted
2024-12-18 11:44:57,300 - INFO - name subsetting not needed
2024-12-18 11:44:57,302 - INFO - glyf subsetted
2024-12-18 11:44:57,302 - INFO - head pruned
2024-12-18 11:44:57,302 - INFO - OS/2 Unicode ranges pruned: [0]
2024-12-18 11:44:57,302 - INFO - OS/2 CodePage ranges pruned: [0]
2024-12-18 11:44:57,302 - INFO - glyf pruned
2024-12-18 11:44:57,303 - INFO - name pruned
2024-12-18 11:44:57,314 - INFO - maxp pruned
2024-12-18 11:44:57,315 - INFO - cmap pruned
2024-12-18 11:44:57,315 - INFO - post pruned
2024-12-18 11:44:57,315 - INFO - GDEF dropped
2024-12-18 11:44:57,315 - INFO - GPOS dropped
2024-12-18 11:44:57,315 - INFO - GSUB dropped
2024-12-18 11:44:57,321 - INFO - glyf pruned
2024-12-18 11:44:57,324 - INFO - Added gid0 to subset
2024-12-18 11:44:57,324 - INFO - Added first four glyphs to subset
2024-12-18 11:44:57,325 - INFO - Closing glyph list over 'glyf': 18 glyphs before
2024-12-18 11:44:57,325 - INFO - Glyph names: ['.notdef', '.null', 'uni0020', 'uni0030', 'uni0031', 'uni0032', 'uni0033', 'uni0034', 'uni0035', 'uni0036', 'uni0037', 'uni0038', 'uni0039', 'uni0062', 'uni006E', 'uni007B', 'uni007D', 'uni00A0']
2024-12-18 11:44:57,325 - INFO - Glyph IDs:   [0, 1, 2, 3, 544, 727, 1256, 1257, 1258, 1260, 1261, 1262, 1264, 1265, 1266, 1267, 1307, 1308]
2024-12-18 11:44:57,325 - INFO - Closed glyph list over 'glyf': 18 glyphs after
2024-12-18 11:44:57,325 - INFO - Glyph names: ['.notdef', '.null', 'uni0020', 'uni0030', 'uni0031', 'uni0032', 'uni0033', 'uni0034', 'uni0035', 'uni0036', 'uni0037', 'uni0038', 'uni0039', 'uni0062', 'uni006E', 'uni007B', 'uni007D', 'uni00A0']
2024-12-18 11:44:57,325 - INFO - Glyph IDs:   [0, 1, 2, 3, 544, 727, 1256, 1257, 1258, 1260, 1261, 1262, 1264, 1265, 1266, 1267, 1307, 1308]
2024-12-18 11:44:57,326 - INFO - Retaining 18 glyphs
2024-12-18 11:44:57,326 - INFO - head subsetting not needed
2024-12-18 11:44:57,326 - INFO - hhea subsetting not needed
2024-12-18 11:44:57,326 - INFO - maxp subsetting not needed
2024-12-18 11:44:57,326 - INFO - OS/2 subsetting not needed
2024-12-18 11:44:57,327 - INFO - hmtx subsetted
2024-12-18 11:44:57,328 - INFO - cmap subsetted
2024-12-18 11:44:57,328 - INFO - loca subsetting not needed
2024-12-18 11:44:57,328 - INFO - post subsetted
2024-12-18 11:44:57,328 - INFO - name subsetting not needed
2024-12-18 11:44:57,329 - INFO - glyf subsetted
2024-12-18 11:44:57,330 - INFO - head pruned
2024-12-18 11:44:57,330 - INFO - OS/2 Unicode ranges pruned: [0]
2024-12-18 11:44:57,330 - INFO - OS/2 CodePage ranges pruned: [0]
2024-12-18 11:44:57,330 - INFO - glyf pruned
2024-12-18 11:44:57,331 - INFO - name pruned
2024-12-18 11:44:57,345 - INFO - PDF generated successfully.
2024-12-18 11:44:57,476 - INFO - Logged out successfully.
2024-12-18 11:44:57,476 - INFO - Process completed successfully!
